{
  "stats": {
    "suites": 1,
    "tests": 1,
    "passes": 1,
    "pending": 0,
    "failures": 0,
    "start": "2022-01-18T10:00:02.264Z",
    "end": "2022-01-18T10:00:09.759Z",
    "duration": 7495,
    "testsRegistered": 1,
    "passPercent": 100,
    "pendingPercent": 0,
    "other": 0,
    "hasOther": false,
    "skipped": 0,
    "hasSkipped": false
  },
  "results": [
    {
      "uuid": "59c37c18-b4c1-4fe9-ae09-59d074bd5888",
      "title": "",
      "fullFile": "cypress/integration/MenuBar.js",
      "file": "cypress/integration/MenuBar.js",
      "beforeHooks": [],
      "afterHooks": [],
      "tests": [],
      "suites": [
        {
          "uuid": "f57460b5-059f-45ce-8cd8-92d9935a46b0",
          "title": "Menu Bar",
          "fullFile": "",
          "file": "",
          "beforeHooks": [],
          "afterHooks": [],
          "tests": [
            {
              "title": "Click on Menu Bar",
              "fullTitle": "Menu Bar Click on Menu Bar",
              "timedOut": null,
              "duration": 5914,
              "state": "passed",
              "speed": "medium",
              "pass": true,
              "fail": false,
              "pending": false,
              "context": null,
              "code": "cy.visit(\"https://katalon-demo-cura.herokuapp.com/\");\ncy.get(\"#menu-toggle\").click();\ncy.log(\"Clicking was successful\");",
              "err": {},
              "uuid": "4206b605-3f84-40ee-8a15-458b0f095cd8",
              "parentUUID": "f57460b5-059f-45ce-8cd8-92d9935a46b0",
              "isHook": false,
              "skipped": false
            }
          ],
          "suites": [],
          "passes": [
            "4206b605-3f84-40ee-8a15-458b0f095cd8"
          ],
          "failures": [],
          "pending": [],
          "skipped": [],
          "duration": 5914,
          "root": false,
          "rootEmpty": false,
          "_timeout": 2000
        }
      ],
      "passes": [],
      "failures": [],
      "pending": [],
      "skipped": [],
      "duration": 0,
      "root": true,
      "rootEmpty": true,
      "_timeout": 2000
    }
  ],
  "meta": {
    "mocha": {
      "version": "7.0.1"
    },
    "mochawesome": {
      "options": {
        "quiet": false,
        "reportFilename": "mochawesome",
        "saveHtml": false,
        "saveJson": true,
        "consoleReporter": "spec",
        "useInlineDiffs": false,
        "code": true
      },
      "version": "7.0.1"
    },
    "marge": {
      "options": {
        "reportDir": "cypress/report/mochawesome-report",
        "overwrite": true,
        "html": false,
        "json": true,
        "timestamp": "mmddyyyy_HHMMss"
      },
      "version": "6.0.1"
    }
  }
}